<?xml version="1.0" encoding="UTF-8"?>
<!-- Generated by org.testng.reporters.JUnitReportReporter -->
<testsuite hostname="DESKTOP-JVCTKQ4" failures="0" tests="1" name="com.herokuapp.theinternet.PositiveTests" time="3.199" errors="0" timestamp="2023-03-02T20:42:37 MSK" skipped="0">
  <testcase classname="com.herokuapp.theinternet.PositiveTests" name="loginTest" time="3.199"/>
  <system-out/>
</testsuite> <!-- com.herokuapp.theinternet.PositiveTests -->
